#
# There is insufficient memory for the Java Runtime Environment to continue.
# Native memory allocation (malloc) failed to allocate 122752 bytes for Chunk::new
# Possible reasons:
#   The system is out of physical RAM or swap space
#   The process is running with CompressedOops enabled, and the Java Heap may be blocking the growth of the native heap
# Possible solutions:
#   Reduce memory load on the system
#   Increase physical memory or swap space
#   Check if swap backing store is full
#   Decrease Java heap size (-Xmx/-Xms)
#   Decrease number of Java threads
#   Decrease Java thread stack sizes (-Xss)
#   Set larger code cache with -XX:ReservedCodeCacheSize=
#   JVM is running with Unscaled Compressed Oops mode in which the Java heap is
#     placed in the first 4GB address space. The Java Heap base address is the
#     maximum limit for the native heap growth. Please use -XX:HeapBaseMinAddress
#     to set the Java Heap base and to place the Java Heap above 4GB virtual address.
# This output file may be truncated or incomplete.
#
#  Out of Memory Error (t:/workspace/open/src/hotspot/share/memory/arena.cpp:197), pid=1168, tid=2792
#
# JRE version: Java(TM) SE Runtime Environment (11.0.1+13) (build 11.0.1+13-LTS)
# Java VM: Java HotSpot(TM) 64-Bit Server VM (11.0.1+13-LTS, mixed mode, tiered, compressed oops, g1 gc, windows-amd64)
# No core dump will be written. Minidumps are not enabled by default on client versions of Windows
#

---------------  S U M M A R Y ------------

Command Line: org.jetbrains.kotlin.cli.jvm.K2JVMCompiler @E:\MVVM\app\build\20230421_1538576200572075584.compiler.options

Host: Intel(R) Core(TM) i5-3320M CPU @ 2.60GHz, 4 cores, 7G,  Windows 10 , 64 bit Build 19041 (10.0.19041.2788)
Time: Fri Apr 21 00:01:13 2023 Hora estándar, América Central elapsed time: 12 seconds (0d 0h 0m 12s)

---------------  T H R E A D  ---------------

Current thread (0x000001fab6add800):  JavaThread "C2 CompilerThread0" daemon [_thread_in_native, id=2792, stack(0x00000032ddd00000,0x00000032dde00000)]


Current CompileTask:
C2:  12574 8452       4       org.jetbrains.kotlin.types.TypeUtils::contains (301 bytes)

Stack: [0x00000032ddd00000,0x00000032dde00000]
Native frames: (J=compiled Java code, j=interpreted, Vv=VM code, C=native code)
V  [jvm.dll+0x63c21a]
V  [jvm.dll+0x7797df]
V  [jvm.dll+0x77adca]
V  [jvm.dll+0x77b483]
V  [jvm.dll+0x2627f8]
V  [jvm.dll+0xc5c71]
V  [jvm.dll+0xc61fc]
V  [jvm.dll+0x693c9b]
V  [jvm.dll+0x1ad992]
V  [jvm.dll+0x21c8d2]
V  [jvm.dll+0x21b96a]
V  [jvm.dll+0x198390]
V  [jvm.dll+0x22a97f]
V  [jvm.dll+0x228f98]
V  [jvm.dll+0x73f03d]
V  [jvm.dll+0x63b2b2]
C  [ucrtbase.dll+0x21bb2]
C  [KERNEL32.DLL+0x17604]
C  [ntdll.dll+0x526a1]


---------------  P R O C E S S  ---------------

Threads class SMR info:
_java_thread_list=0x000001fac0324f00, length=10, elements={
0x000001fa96843000, 0x000001fab6abe800, 0x000001fab6ac7800, 0x000001fab6ad9800,
0x000001fab6adb800, 0x000001fab6add800, 0x000001fab6af0000, 0x000001fab6af1800,
0x000001fab75f0800, 0x000001fab75fb800
}

Java Threads: ( => current thread )
  0x000001fa96843000 JavaThread "main" [_thread_in_Java, id=14724, stack(0x00000032dd200000,0x00000032dd300000)]
  0x000001fab6abe800 JavaThread "Reference Handler" daemon [_thread_blocked, id=15760, stack(0x00000032dd900000,0x00000032dda00000)]
  0x000001fab6ac7800 JavaThread "Finalizer" daemon [_thread_blocked, id=11816, stack(0x00000032dda00000,0x00000032ddb00000)]
  0x000001fab6ad9800 JavaThread "Signal Dispatcher" daemon [_thread_blocked, id=4492, stack(0x00000032ddb00000,0x00000032ddc00000)]
  0x000001fab6adb800 JavaThread "Attach Listener" daemon [_thread_blocked, id=15904, stack(0x00000032ddc00000,0x00000032ddd00000)]
=>0x000001fab6add800 JavaThread "C2 CompilerThread0" daemon [_thread_in_native, id=2792, stack(0x00000032ddd00000,0x00000032dde00000)]
  0x000001fab6af0000 JavaThread "C1 CompilerThread0" daemon [_thread_in_vm, id=8412, stack(0x00000032dde00000,0x00000032ddf00000)]
  0x000001fab6af1800 JavaThread "Sweeper thread" daemon [_thread_blocked, id=1764, stack(0x00000032ddf00000,0x00000032de000000)]
  0x000001fab75f0800 JavaThread "Service Thread" daemon [_thread_blocked, id=3268, stack(0x00000032de000000,0x00000032de100000)]
  0x000001fab75fb800 JavaThread "Common-Cleaner" daemon [_thread_blocked, id=916, stack(0x00000032de200000,0x00000032de300000)]

Other Threads:
  0x000001fab6a9a000 VMThread "VM Thread" [stack: 0x00000032dd800000,0x00000032dd900000] [id=2732]
  0x000001fab75f9000 WatcherThread [stack: 0x00000032de100000,0x00000032de200000] [id=2064]
  0x000001fa96859800 GCTaskThread "GC Thread#0" [stack: 0x00000032dd300000,0x00000032dd400000] [id=15428]
  0x000001fab79e4000 GCTaskThread "GC Thread#1" [stack: 0x00000032de300000,0x00000032de400000] [id=2076]
  0x000001fab7a4c000 GCTaskThread "GC Thread#2" [stack: 0x00000032de400000,0x00000032de500000] [id=3352]
  0x000001fa9688d000 ConcurrentGCThread "G1 Main Marker" [stack: 0x00000032dd400000,0x00000032dd500000] [id=6356]
  0x000001fa9688e800 ConcurrentGCThread "G1 Conc#0" [stack: 0x00000032dd500000,0x00000032dd600000] [id=12368]
  0x000001fa9691f800 ConcurrentGCThread "G1 Refine#0" [stack: 0x00000032dd600000,0x00000032dd700000] [id=6868]
  0x000001fabbf13000 ConcurrentGCThread "G1 Refine#1" [stack: 0x00000032de600000,0x00000032de700000] [id=7124]
  0x000001fa96920800 ConcurrentGCThread "G1 Young RemSet Sampling" [stack: 0x00000032dd700000,0x00000032dd800000] [id=14572]

Threads with active compile tasks:
C2 CompilerThread08452       4       org.jetbrains.kotlin.types.TypeUtils::contains (301 bytes)
C1 CompilerThread08706       3       kotlin.collections.CollectionsKt__ReversedViewsKt::reverseElementIndex$CollectionsKt__ReversedViewsKt (81 bytes)

VM state:not at safepoint (normal execution)

VM Mutex/Monitor currently owned by a thread: None

Heap address: 0x0000000081e00000, size: 2018 MB, Compressed Oops mode: 32-bit
Narrow klass base: 0x0000000000000000, Narrow klass shift: 3
Compressed class space size: 1073741824 Address: 0x0000000100000000

Heap:
 garbage-first heap   total 189440K, used 92376K [0x0000000081e00000, 0x0000000100000000)
  region size 1024K, 36 young (36864K), 7 survivors (7168K)
 Metaspace       used 80779K, capacity 81618K, committed 81692K, reserved 1122304K
  class space    used 9060K, capacity 9379K, committed 9420K, reserved 1048576K
Heap Regions: E=young(eden), S=young(survivor), O=old, HS=humongous(starts), HC=humongous(continues), CS=collection set, F=free, A=archive, TAMS=top-at-mark-start (previous, next)
|   0|0x0000000081e00000, 0x0000000081f00000, 0x0000000081f00000|100%|HS|  |TAMS 0x0000000081f00000, 0x0000000081e00000| Complete 
|   1|0x0000000081f00000, 0x0000000082000000, 0x0000000082000000|100%|HC|  |TAMS 0x0000000082000000, 0x0000000081f00000| Complete 
|   2|0x0000000082000000, 0x0000000082100000, 0x0000000082100000|100%|HC|  |TAMS 0x0000000082100000, 0x0000000082000000| Complete 
|   3|0x0000000082100000, 0x0000000082200000, 0x0000000082200000|100%|HC|  |TAMS 0x0000000082200000, 0x0000000082100000| Complete 
|   4|0x0000000082200000, 0x0000000082300000, 0x0000000082300000|100%| O|  |TAMS 0x0000000082300000, 0x0000000082200000| Untracked 
|   5|0x0000000082300000, 0x0000000082400000, 0x0000000082400000|100%| O|  |TAMS 0x0000000082400000, 0x0000000082300000| Untracked 
|   6|0x0000000082400000, 0x0000000082500000, 0x0000000082500000|100%|HS|  |TAMS 0x0000000082500000, 0x0000000082400000| Complete 
|   7|0x0000000082500000, 0x0000000082600000, 0x0000000082600000|100%|HC|  |TAMS 0x0000000082600000, 0x0000000082500000| Complete 
|   8|0x0000000082600000, 0x0000000082700000, 0x0000000082700000|100%|HC|  |TAMS 0x0000000082700000, 0x0000000082600000| Complete 
|   9|0x0000000082700000, 0x0000000082800000, 0x0000000082800000|100%|HC|  |TAMS 0x0000000082800000, 0x0000000082700000| Complete 
|  10|0x0000000082800000, 0x0000000082900000, 0x0000000082900000|100%|HS|  |TAMS 0x0000000082900000, 0x0000000082800000| Complete 
|  11|0x0000000082900000, 0x0000000082a00000, 0x0000000082a00000|100%|HC|  |TAMS 0x0000000082a00000, 0x0000000082900000| Complete 
|  12|0x0000000082a00000, 0x0000000082b00000, 0x0000000082b00000|100%| O|  |TAMS 0x0000000082b00000, 0x0000000082a00000| Untracked 
|  13|0x0000000082b00000, 0x0000000082c00000, 0x0000000082c00000|100%| O|  |TAMS 0x0000000082c00000, 0x0000000082b00000| Untracked 
|  14|0x0000000082c00000, 0x0000000082d00000, 0x0000000082d00000|100%| O|  |TAMS 0x0000000082d00000, 0x0000000082c00000| Untracked 
|  15|0x0000000082d00000, 0x0000000082e00000, 0x0000000082e00000|100%| O|  |TAMS 0x0000000082e00000, 0x0000000082d00000| Untracked 
|  16|0x0000000082e00000, 0x0000000082f00000, 0x0000000082f00000|100%| O|  |TAMS 0x0000000082f00000, 0x0000000082e00000| Untracked 
|  17|0x0000000082f00000, 0x0000000083000000, 0x0000000083000000|100%| O|  |TAMS 0x0000000083000000, 0x0000000082f00000| Untracked 
|  18|0x0000000083000000, 0x0000000083100000, 0x0000000083100000|100%| O|  |TAMS 0x0000000083100000, 0x0000000083000000| Untracked 
|  19|0x0000000083100000, 0x0000000083200000, 0x0000000083200000|100%| O|  |TAMS 0x0000000083200000, 0x0000000083100000| Untracked 
|  20|0x0000000083200000, 0x0000000083300000, 0x0000000083300000|100%| O|  |TAMS 0x0000000083300000, 0x0000000083200000| Untracked 
|  21|0x0000000083300000, 0x0000000083400000, 0x0000000083400000|100%| O|  |TAMS 0x0000000083400000, 0x0000000083300000| Untracked 
|  22|0x0000000083400000, 0x0000000083500000, 0x0000000083500000|100%| O|  |TAMS 0x0000000083500000, 0x0000000083400000| Untracked 
|  23|0x0000000083500000, 0x0000000083600000, 0x0000000083600000|100%| O|  |TAMS 0x0000000083600000, 0x0000000083500000| Untracked 
|  24|0x0000000083600000, 0x0000000083700000, 0x0000000083700000|100%| O|  |TAMS 0x0000000083700000, 0x0000000083600000| Untracked 
|  25|0x0000000083700000, 0x0000000083800000, 0x0000000083800000|100%| O|  |TAMS 0x0000000083800000, 0x0000000083700000| Untracked 
|  26|0x0000000083800000, 0x0000000083900000, 0x0000000083900000|100%| O|  |TAMS 0x0000000083900000, 0x0000000083800000| Untracked 
|  27|0x0000000083900000, 0x0000000083a00000, 0x0000000083a00000|100%| O|  |TAMS 0x0000000083a00000, 0x0000000083900000| Untracked 
|  28|0x0000000083a00000, 0x0000000083b00000, 0x0000000083b00000|100%| O|  |TAMS 0x0000000083b00000, 0x0000000083a00000| Untracked 
|  29|0x0000000083b00000, 0x0000000083c00000, 0x0000000083c00000|100%| O|  |TAMS 0x0000000083c00000, 0x0000000083b00000| Untracked 
|  30|0x0000000083c00000, 0x0000000083d00000, 0x0000000083d00000|100%| O|  |TAMS 0x0000000083d00000, 0x0000000083c00000| Untracked 
|  31|0x0000000083d00000, 0x0000000083e00000, 0x0000000083e00000|100%| O|  |TAMS 0x0000000083e00000, 0x0000000083d00000| Untracked 
|  32|0x0000000083e00000, 0x0000000083f00000, 0x0000000083f00000|100%| O|  |TAMS 0x0000000083f00000, 0x0000000083e00000| Untracked 
|  33|0x0000000083f00000, 0x0000000084000000, 0x0000000084000000|100%| O|  |TAMS 0x0000000084000000, 0x0000000083f00000| Untracked 
|  34|0x0000000084000000, 0x0000000084100000, 0x0000000084100000|100%| O|  |TAMS 0x0000000084100000, 0x0000000084000000| Untracked 
|  35|0x0000000084100000, 0x0000000084200000, 0x0000000084200000|100%| O|  |TAMS 0x0000000084200000, 0x0000000084100000| Untracked 
|  36|0x0000000084200000, 0x0000000084300000, 0x0000000084300000|100%| O|  |TAMS 0x0000000084300000, 0x0000000084200000| Untracked 
|  37|0x0000000084300000, 0x0000000084400000, 0x0000000084400000|100%| O|  |TAMS 0x0000000084400000, 0x0000000084300000| Untracked 
|  38|0x0000000084400000, 0x0000000084500000, 0x0000000084500000|100%| O|  |TAMS 0x0000000084500000, 0x0000000084400000| Untracked 
|  39|0x0000000084500000, 0x0000000084600000, 0x0000000084600000|100%| O|  |TAMS 0x0000000084600000, 0x0000000084500000| Untracked 
|  40|0x0000000084600000, 0x0000000084700000, 0x0000000084700000|100%| O|  |TAMS 0x0000000084700000, 0x0000000084600000| Untracked 
|  41|0x0000000084700000, 0x0000000084800000, 0x0000000084800000|100%| O|  |TAMS 0x0000000084800000, 0x0000000084700000| Untracked 
|  42|0x0000000084800000, 0x0000000084900000, 0x0000000084900000|100%| O|  |TAMS 0x0000000084900000, 0x0000000084800000| Untracked 
|  43|0x0000000084900000, 0x0000000084a00000, 0x0000000084a00000|100%| O|  |TAMS 0x0000000084a00000, 0x0000000084900000| Untracked 
|  44|0x0000000084a00000, 0x0000000084b00000, 0x0000000084b00000|100%| O|  |TAMS 0x0000000084b00000, 0x0000000084a00000| Untracked 
|  45|0x0000000084b00000, 0x0000000084c00000, 0x0000000084c00000|100%| O|  |TAMS 0x0000000084c00000, 0x0000000084b00000| Untracked 
|  46|0x0000000084c00000, 0x0000000084d00000, 0x0000000084d00000|100%| O|  |TAMS 0x0000000084d00000, 0x0000000084c00000| Untracked 
|  47|0x0000000084d00000, 0x0000000084e00000, 0x0000000084e00000|100%| O|  |TAMS 0x0000000084d00000, 0x0000000084d00000| Untracked 
|  48|0x0000000084e00000, 0x0000000084f00000, 0x0000000084f00000|100%| O|  |TAMS 0x0000000084f00000, 0x0000000084e00000| Untracked 
|  49|0x0000000084f00000, 0x0000000085000000, 0x0000000085000000|100%| O|  |TAMS 0x0000000085000000, 0x0000000084f00000| Untracked 
|  50|0x0000000085000000, 0x0000000085100000, 0x0000000085100000|100%| O|  |TAMS 0x0000000085078a00, 0x0000000085000000| Untracked 
|  51|0x0000000085100000, 0x0000000085200000, 0x0000000085200000|100%| O|  |TAMS 0x0000000085100000, 0x0000000085100000| Untracked 
|  52|0x0000000085200000, 0x0000000085300000, 0x0000000085300000|100%| O|  |TAMS 0x0000000085200000, 0x0000000085200000| Untracked 
|  53|0x0000000085300000, 0x0000000085400000, 0x0000000085400000|100%| O|  |TAMS 0x0000000085300000, 0x0000000085300000| Untracked 
|  54|0x0000000085400000, 0x0000000085500000, 0x0000000085500000|100%| O|  |TAMS 0x0000000085400000, 0x0000000085400000| Untracked 
|  55|0x0000000085500000, 0x0000000085600000, 0x0000000085600000|100%| O|  |TAMS 0x0000000085500000, 0x0000000085500000| Untracked 
|  56|0x0000000085600000, 0x00000000856cc800, 0x0000000085700000| 79%| O|  |TAMS 0x0000000085600000, 0x0000000085600000| Untracked 
|  57|0x0000000085700000, 0x0000000085700000, 0x0000000085800000|  0%| F|  |TAMS 0x0000000085700000, 0x0000000085700000| Untracked 
|  58|0x0000000085800000, 0x0000000085800000, 0x0000000085900000|  0%| F|  |TAMS 0x0000000085800000, 0x0000000085800000| Untracked 
|  59|0x0000000085900000, 0x0000000085900000, 0x0000000085a00000|  0%| F|  |TAMS 0x0000000085900000, 0x0000000085900000| Untracked 
|  60|0x0000000085a00000, 0x0000000085a00000, 0x0000000085b00000|  0%| F|  |TAMS 0x0000000085a00000, 0x0000000085a00000| Untracked 
|  61|0x0000000085b00000, 0x0000000085b00000, 0x0000000085c00000|  0%| F|  |TAMS 0x0000000085b00000, 0x0000000085b00000| Untracked 
|  62|0x0000000085c00000, 0x0000000085c00000, 0x0000000085d00000|  0%| F|  |TAMS 0x0000000085c00000, 0x0000000085c00000| Untracked 
|  63|0x0000000085d00000, 0x0000000085d00000, 0x0000000085e00000|  0%| F|  |TAMS 0x0000000085d00000, 0x0000000085d00000| Untracked 
|  64|0x0000000085e00000, 0x0000000085e00000, 0x0000000085f00000|  0%| F|  |TAMS 0x0000000085e00000, 0x0000000085e00000| Untracked 
|  65|0x0000000085f00000, 0x0000000085f00000, 0x0000000086000000|  0%| F|  |TAMS 0x0000000085f00000, 0x0000000085f00000| Untracked 
|  66|0x0000000086000000, 0x0000000086000000, 0x0000000086100000|  0%| F|  |TAMS 0x0000000086000000, 0x0000000086000000| Untracked 
|  67|0x0000000086100000, 0x0000000086100000, 0x0000000086200000|  0%| F|  |TAMS 0x0000000086100000, 0x0000000086100000| Untracked 
|  68|0x0000000086200000, 0x0000000086200000, 0x0000000086300000|  0%| F|  |TAMS 0x0000000086200000, 0x0000000086200000| Untracked 
|  69|0x0000000086300000, 0x0000000086300000, 0x0000000086400000|  0%| F|  |TAMS 0x0000000086300000, 0x0000000086300000| Untracked 
|  70|0x0000000086400000, 0x0000000086400000, 0x0000000086500000|  0%| F|  |TAMS 0x0000000086400000, 0x0000000086400000| Untracked 
|  71|0x0000000086500000, 0x0000000086500000, 0x0000000086600000|  0%| F|  |TAMS 0x0000000086500000, 0x0000000086500000| Untracked 
|  72|0x0000000086600000, 0x0000000086600000, 0x0000000086700000|  0%| F|  |TAMS 0x0000000086600000, 0x0000000086600000| Untracked 
|  73|0x0000000086700000, 0x0000000086700000, 0x0000000086800000|  0%| F|  |TAMS 0x0000000086700000, 0x0000000086700000| Untracked 
|  74|0x0000000086800000, 0x0000000086800000, 0x0000000086900000|  0%| F|  |TAMS 0x0000000086800000, 0x0000000086800000| Untracked 
|  75|0x0000000086900000, 0x0000000086900000, 0x0000000086a00000|  0%| F|  |TAMS 0x0000000086900000, 0x0000000086900000| Untracked 
|  76|0x0000000086a00000, 0x0000000086a00000, 0x0000000086b00000|  0%| F|  |TAMS 0x0000000086a00000, 0x0000000086a00000| Untracked 
|  77|0x0000000086b00000, 0x0000000086b00000, 0x0000000086c00000|  0%| F|  |TAMS 0x0000000086b00000, 0x0000000086b00000| Untracked 
|  78|0x0000000086c00000, 0x0000000086c00000, 0x0000000086d00000|  0%| F|  |TAMS 0x0000000086c00000, 0x0000000086c00000| Untracked 
|  79|0x0000000086d00000, 0x0000000086d00000, 0x0000000086e00000|  0%| F|  |TAMS 0x0000000086d00000, 0x0000000086d00000| Untracked 
|  80|0x0000000086e00000, 0x0000000086e00000, 0x0000000086f00000|  0%| F|  |TAMS 0x0000000086e00000, 0x0000000086e00000| Untracked 
|  81|0x0000000086f00000, 0x0000000086f00000, 0x0000000087000000|  0%| F|  |TAMS 0x0000000086f00000, 0x0000000086f00000| Untracked 
|  82|0x0000000087000000, 0x0000000087000000, 0x0000000087100000|  0%| F|  |TAMS 0x0000000087000000, 0x0000000087000000| Untracked 
|  83|0x0000000087100000, 0x0000000087100000, 0x0000000087200000|  0%| F|  |TAMS 0x0000000087100000, 0x0000000087100000| Untracked 
|  84|0x0000000087200000, 0x0000000087200000, 0x0000000087300000|  0%| F|  |TAMS 0x0000000087200000, 0x0000000087200000| Untracked 
|  85|0x0000000087300000, 0x0000000087300000, 0x0000000087400000|  0%| F|  |TAMS 0x0000000087300000, 0x0000000087300000| Untracked 
|  86|0x0000000087400000, 0x0000000087400000, 0x0000000087500000|  0%| F|  |TAMS 0x0000000087400000, 0x0000000087400000| Untracked 
|  87|0x0000000087500000, 0x0000000087500000, 0x0000000087600000|  0%| F|  |TAMS 0x0000000087500000, 0x0000000087500000| Untracked 
|  88|0x0000000087600000, 0x0000000087600000, 0x0000000087700000|  0%| F|  |TAMS 0x0000000087600000, 0x0000000087600000| Untracked 
|  89|0x0000000087700000, 0x0000000087700000, 0x0000000087800000|  0%| F|  |TAMS 0x0000000087700000, 0x0000000087700000| Untracked 
|  90|0x0000000087800000, 0x0000000087800000, 0x0000000087900000|  0%| F|  |TAMS 0x0000000087800000, 0x0000000087800000| Untracked 
|  91|0x0000000087900000, 0x0000000087969a90, 0x0000000087a00000| 41%| S|CS|TAMS 0x0000000087900000, 0x0000000087900000| Complete 
|  92|0x0000000087a00000, 0x0000000087b00000, 0x0000000087b00000|100%| S|CS|TAMS 0x0000000087a00000, 0x0000000087a00000| Complete 
|  93|0x0000000087b00000, 0x0000000087c00000, 0x0000000087c00000|100%| S|CS|TAMS 0x0000000087b00000, 0x0000000087b00000| Complete 
|  94|0x0000000087c00000, 0x0000000087c00000, 0x0000000087d00000|  0%| F|  |TAMS 0x0000000087c00000, 0x0000000087c00000| Untracked 
|  95|0x0000000087d00000, 0x0000000087d00000, 0x0000000087e00000|  0%| F|  |TAMS 0x0000000087d00000, 0x0000000087d00000| Untracked 
|  96|0x0000000087e00000, 0x0000000087e00000, 0x0000000087f00000|  0%| F|  |TAMS 0x0000000087e00000, 0x0000000087e00000| Untracked 
|  97|0x0000000087f00000, 0x0000000087f00000, 0x0000000088000000|  0%| F|  |TAMS 0x0000000087f00000, 0x0000000087f00000| Untracked 
|  98|0x0000000088000000, 0x0000000088000000, 0x0000000088100000|  0%| F|  |TAMS 0x0000000088000000, 0x0000000088000000| Untracked 
|  99|0x0000000088100000, 0x0000000088100000, 0x0000000088200000|  0%| F|  |TAMS 0x0000000088100000, 0x0000000088100000| Untracked 
| 100|0x0000000088200000, 0x0000000088200000, 0x0000000088300000|  0%| F|  |TAMS 0x0000000088200000, 0x0000000088200000| Untracked 
| 101|0x0000000088300000, 0x0000000088400000, 0x0000000088400000|100%| S|CS|TAMS 0x0000000088300000, 0x0000000088300000| Complete 
| 102|0x0000000088400000, 0x0000000088500000, 0x0000000088500000|100%| S|CS|TAMS 0x0000000088400000, 0x0000000088400000| Complete 
| 103|0x0000000088500000, 0x0000000088600000, 0x0000000088600000|100%| S|CS|TAMS 0x0000000088500000, 0x0000000088500000| Complete 
| 104|0x0000000088600000, 0x0000000088700000, 0x0000000088700000|100%| S|CS|TAMS 0x0000000088600000, 0x0000000088600000| Complete 
| 105|0x0000000088700000, 0x0000000088700000, 0x0000000088800000|  0%| F|  |TAMS 0x0000000088700000, 0x0000000088700000| Untracked 
| 106|0x0000000088800000, 0x0000000088800000, 0x0000000088900000|  0%| F|  |TAMS 0x0000000088800000, 0x0000000088800000| Untracked 
| 107|0x0000000088900000, 0x0000000088900000, 0x0000000088a00000|  0%| F|  |TAMS 0x0000000088900000, 0x0000000088900000| Untracked 
| 108|0x0000000088a00000, 0x0000000088a00000, 0x0000000088b00000|  0%| F|  |TAMS 0x0000000088a00000, 0x0000000088a00000| Untracked 
| 109|0x0000000088b00000, 0x0000000088b00000, 0x0000000088c00000|  0%| F|  |TAMS 0x0000000088b00000, 0x0000000088b00000| Untracked 
| 110|0x0000000088c00000, 0x0000000088c00000, 0x0000000088d00000|  0%| F|  |TAMS 0x0000000088c00000, 0x0000000088c00000| Untracked 
| 111|0x0000000088d00000, 0x0000000088d00000, 0x0000000088e00000|  0%| F|  |TAMS 0x0000000088d00000, 0x0000000088d00000| Untracked 
| 112|0x0000000088e00000, 0x0000000088e00000, 0x0000000088f00000|  0%| F|  |TAMS 0x0000000088e00000, 0x0000000088e00000| Untracked 
| 113|0x0000000088f00000, 0x0000000088f00000, 0x0000000089000000|  0%| F|  |TAMS 0x0000000088f00000, 0x0000000088f00000| Untracked 
| 114|0x0000000089000000, 0x0000000089000000, 0x0000000089100000|  0%| F|  |TAMS 0x0000000089000000, 0x0000000089000000| Untracked 
| 115|0x0000000089100000, 0x0000000089100000, 0x0000000089200000|  0%| F|  |TAMS 0x0000000089100000, 0x0000000089100000| Untracked 
| 116|0x0000000089200000, 0x0000000089200000, 0x0000000089300000|  0%| F|  |TAMS 0x0000000089200000, 0x0000000089200000| Untracked 
| 117|0x0000000089300000, 0x0000000089300000, 0x0000000089400000|  0%| F|  |TAMS 0x0000000089300000, 0x0000000089300000| Untracked 
| 118|0x0000000089400000, 0x0000000089400000, 0x0000000089500000|  0%| F|  |TAMS 0x0000000089400000, 0x0000000089400000| Untracked 
| 119|0x0000000089500000, 0x0000000089500000, 0x0000000089600000|  0%| F|  |TAMS 0x0000000089500000, 0x0000000089500000| Untracked 
| 120|0x0000000089600000, 0x0000000089600000, 0x0000000089700000|  0%| F|  |TAMS 0x0000000089600000, 0x0000000089600000| Untracked 
| 121|0x0000000089700000, 0x0000000089700000, 0x0000000089800000|  0%| F|  |TAMS 0x0000000089700000, 0x0000000089700000| Untracked 
| 122|0x0000000089800000, 0x0000000089800000, 0x0000000089900000|  0%| F|  |TAMS 0x0000000089800000, 0x0000000089800000| Untracked 
| 123|0x0000000089900000, 0x0000000089900000, 0x0000000089a00000|  0%| F|  |TAMS 0x0000000089900000, 0x0000000089900000| Untracked 
| 124|0x0000000089a00000, 0x0000000089a00000, 0x0000000089b00000|  0%| F|  |TAMS 0x0000000089a00000, 0x0000000089a00000| Untracked 
| 125|0x0000000089b00000, 0x0000000089b00000, 0x0000000089c00000|  0%| F|  |TAMS 0x0000000089b00000, 0x0000000089b00000| Untracked 
| 126|0x0000000089c00000, 0x0000000089c00000, 0x0000000089d00000|  0%| F|  |TAMS 0x0000000089c00000, 0x0000000089c00000| Untracked 
| 127|0x0000000089d00000, 0x0000000089d00000, 0x0000000089e00000|  0%| F|  |TAMS 0x0000000089d00000, 0x0000000089d00000| Untracked 
| 128|0x0000000089e00000, 0x0000000089e00000, 0x0000000089f00000|  0%| F|  |TAMS 0x0000000089e00000, 0x0000000089e00000| Untracked 
| 129|0x0000000089f00000, 0x0000000089f00000, 0x000000008a000000|  0%| F|  |TAMS 0x0000000089f00000, 0x0000000089f00000| Untracked 
| 130|0x000000008a000000, 0x000000008a000000, 0x000000008a100000|  0%| F|  |TAMS 0x000000008a000000, 0x000000008a000000| Untracked 
| 131|0x000000008a100000, 0x000000008a100000, 0x000000008a200000|  0%| F|  |TAMS 0x000000008a100000, 0x000000008a100000| Untracked 
| 132|0x000000008a200000, 0x000000008a200000, 0x000000008a300000|  0%| F|  |TAMS 0x000000008a200000, 0x000000008a200000| Untracked 
| 133|0x000000008a300000, 0x000000008a300000, 0x000000008a400000|  0%| F|  |TAMS 0x000000008a300000, 0x000000008a300000| Untracked 
| 134|0x000000008a400000, 0x000000008a400000, 0x000000008a500000|  0%| F|  |TAMS 0x000000008a400000, 0x000000008a400000| Untracked 
| 135|0x000000008a500000, 0x000000008a500000, 0x000000008a600000|  0%| F|  |TAMS 0x000000008a500000, 0x000000008a500000| Untracked 
| 136|0x000000008a600000, 0x000000008a600000, 0x000000008a700000|  0%| F|  |TAMS 0x000000008a600000, 0x000000008a600000| Untracked 
| 137|0x000000008a700000, 0x000000008a700000, 0x000000008a800000|  0%| F|  |TAMS 0x000000008a700000, 0x000000008a700000| Untracked 
| 138|0x000000008a800000, 0x000000008a800000, 0x000000008a900000|  0%| F|  |TAMS 0x000000008a800000, 0x000000008a800000| Untracked 
| 139|0x000000008a900000, 0x000000008a900000, 0x000000008aa00000|  0%| F|  |TAMS 0x000000008a900000, 0x000000008a900000| Untracked 
| 140|0x000000008aa00000, 0x000000008aa00000, 0x000000008ab00000|  0%| F|  |TAMS 0x000000008aa00000, 0x000000008aa00000| Untracked 
| 141|0x000000008ab00000, 0x000000008ab00000, 0x000000008ac00000|  0%| F|  |TAMS 0x000000008ab00000, 0x000000008ab00000| Untracked 
| 142|0x000000008ac00000, 0x000000008ac00000, 0x000000008ad00000|  0%| F|  |TAMS 0x000000008ac00000, 0x000000008ac00000| Untracked 
| 143|0x000000008ad00000, 0x000000008ad00000, 0x000000008ae00000|  0%| F|  |TAMS 0x000000008ad00000, 0x000000008ad00000| Untracked 
| 144|0x000000008ae00000, 0x000000008ae00000, 0x000000008af00000|  0%| F|  |TAMS 0x000000008ae00000, 0x000000008ae00000| Untracked 
| 145|0x000000008af00000, 0x000000008af00000, 0x000000008b000000|  0%| F|  |TAMS 0x000000008af00000, 0x000000008af00000| Untracked 
| 146|0x000000008b000000, 0x000000008b000000, 0x000000008b100000|  0%| F|  |TAMS 0x000000008b000000, 0x000000008b000000| Untracked 
| 147|0x000000008b100000, 0x000000008b100000, 0x000000008b200000|  0%| F|  |TAMS 0x000000008b100000, 0x000000008b100000| Untracked 
| 148|0x000000008b200000, 0x000000008b200000, 0x000000008b300000|  0%| F|  |TAMS 0x000000008b200000, 0x000000008b200000| Untracked 
| 149|0x000000008b300000, 0x000000008b300000, 0x000000008b400000|  0%| F|  |TAMS 0x000000008b300000, 0x000000008b300000| Untracked 
| 150|0x000000008b400000, 0x000000008b400000, 0x000000008b500000|  0%| F|  |TAMS 0x000000008b400000, 0x000000008b400000| Untracked 
| 151|0x000000008b500000, 0x000000008b500000, 0x000000008b600000|  0%| F|  |TAMS 0x000000008b500000, 0x000000008b500000| Untracked 
| 152|0x000000008b600000, 0x000000008b600000, 0x000000008b700000|  0%| F|  |TAMS 0x000000008b600000, 0x000000008b600000| Untracked 
| 153|0x000000008b700000, 0x000000008b700000, 0x000000008b800000|  0%| F|  |TAMS 0x000000008b700000, 0x000000008b700000| Untracked 
| 154|0x000000008b800000, 0x000000008b800000, 0x000000008b900000|  0%| F|  |TAMS 0x000000008b800000, 0x000000008b800000| Untracked 
| 155|0x000000008b900000, 0x000000008b900000, 0x000000008ba00000|  0%| F|  |TAMS 0x000000008b900000, 0x000000008b900000| Untracked 
| 156|0x000000008ba00000, 0x000000008ba96700, 0x000000008bb00000| 58%| E|  |TAMS 0x000000008ba00000, 0x000000008ba00000| Complete 
| 157|0x000000008bb00000, 0x000000008bc00000, 0x000000008bc00000|100%| E|CS|TAMS 0x000000008bb00000, 0x000000008bb00000| Complete 
| 158|0x000000008bc00000, 0x000000008bd00000, 0x000000008bd00000|100%| E|CS|TAMS 0x000000008bc00000, 0x000000008bc00000| Complete 
| 159|0x000000008bd00000, 0x000000008be00000, 0x000000008be00000|100%| E|CS|TAMS 0x000000008bd00000, 0x000000008bd00000| Complete 
| 160|0x000000008be00000, 0x000000008bf00000, 0x000000008bf00000|100%| E|CS|TAMS 0x000000008be00000, 0x000000008be00000| Complete 
| 161|0x000000008bf00000, 0x000000008c000000, 0x000000008c000000|100%| E|CS|TAMS 0x000000008bf00000, 0x000000008bf00000| Complete 
| 162|0x000000008c000000, 0x000000008c100000, 0x000000008c100000|100%| E|CS|TAMS 0x000000008c000000, 0x000000008c000000| Complete 
| 163|0x000000008c100000, 0x000000008c200000, 0x000000008c200000|100%| E|  |TAMS 0x000000008c100000, 0x000000008c100000| Complete 
| 164|0x000000008c200000, 0x000000008c300000, 0x000000008c300000|100%| E|CS|TAMS 0x000000008c200000, 0x000000008c200000| Complete 
| 165|0x000000008c300000, 0x000000008c400000, 0x000000008c400000|100%| E|CS|TAMS 0x000000008c300000, 0x000000008c300000| Complete 
| 166|0x000000008c400000, 0x000000008c500000, 0x000000008c500000|100%| E|CS|TAMS 0x000000008c400000, 0x000000008c400000| Complete 
| 167|0x000000008c500000, 0x000000008c600000, 0x000000008c600000|100%| E|CS|TAMS 0x000000008c500000, 0x000000008c500000| Complete 
| 168|0x000000008c600000, 0x000000008c700000, 0x000000008c700000|100%| E|CS|TAMS 0x000000008c600000, 0x000000008c600000| Complete 
| 169|0x000000008c700000, 0x000000008c800000, 0x000000008c800000|100%| E|CS|TAMS 0x000000008c700000, 0x000000008c700000| Complete 
| 170|0x000000008c800000, 0x000000008c900000, 0x000000008c900000|100%| E|CS|TAMS 0x000000008c800000, 0x000000008c800000| Complete 
| 171|0x000000008c900000, 0x000000008ca00000, 0x000000008ca00000|100%| E|CS|TAMS 0x000000008c900000, 0x000000008c900000| Complete 
| 172|0x000000008ca00000, 0x000000008cb00000, 0x000000008cb00000|100%| E|CS|TAMS 0x000000008ca00000, 0x000000008ca00000| Complete 
| 173|0x000000008cb00000, 0x000000008cc00000, 0x000000008cc00000|100%| E|CS|TAMS 0x000000008cb00000, 0x000000008cb00000| Complete 
| 174|0x000000008cc00000, 0x000000008cd00000, 0x000000008cd00000|100%| E|CS|TAMS 0x000000008cc00000, 0x000000008cc00000| Complete 
| 175|0x000000008cd00000, 0x000000008ce00000, 0x000000008ce00000|100%| E|CS|TAMS 0x000000008cd00000, 0x000000008cd00000| Complete 
| 176|0x000000008ce00000, 0x000000008cf00000, 0x000000008cf00000|100%| E|CS|TAMS 0x000000008ce00000, 0x000000008ce00000| Complete 
| 177|0x000000008cf00000, 0x000000008d000000, 0x000000008d000000|100%| E|CS|TAMS 0x000000008cf00000, 0x000000008cf00000| Complete 
| 178|0x000000008d000000, 0x000000008d100000, 0x000000008d100000|100%| E|CS|TAMS 0x000000008d000000, 0x000000008d000000| Complete 
| 179|0x000000008d100000, 0x000000008d200000, 0x000000008d200000|100%| E|CS|TAMS 0x000000008d100000, 0x000000008d100000| Complete 
| 180|0x000000008d200000, 0x000000008d300000, 0x000000008d300000|100%| E|CS|TAMS 0x000000008d200000, 0x000000008d200000| Complete 
| 181|0x000000008d300000, 0x000000008d400000, 0x000000008d400000|100%| E|CS|TAMS 0x000000008d300000, 0x000000008d300000| Complete 
| 182|0x000000008d400000, 0x000000008d500000, 0x000000008d500000|100%| E|CS|TAMS 0x000000008d400000, 0x000000008d400000| Complete 
| 183|0x000000008d500000, 0x000000008d600000, 0x000000008d600000|100%| E|CS|TAMS 0x000000008d500000, 0x000000008d500000| Complete 
| 184|0x000000008d600000, 0x000000008d700000, 0x000000008d700000|100%| E|CS|TAMS 0x000000008d600000, 0x000000008d600000| Complete 

Card table byte_map: [0x000001faafda0000,0x000001fab01a0000] _byte_map_base: 0x000001faaf991000

Marking Bits (Prev, Next): (CMBitMap*) 0x000001fa96884638, (CMBitMap*) 0x000001fa96884670
 Prev Bits: [0x000001fab05a0000, 0x000001fab2528000)
 Next Bits: [0x000001fab2530000, 0x000001fab44b8000)

Polling page: 0x000001fa96630000

Metaspace:

Usage:
  Non-class:     70.61 MB capacity,    70.08 MB (>99%) used,   416.20 KB ( <1%) free+waste,   127.00 KB ( <1%) overhead. 
      Class:      9.16 MB capacity,     8.85 MB ( 97%) used,   257.82 KB (  3%) free+waste,    53.88 KB ( <1%) overhead. 
       Both:     79.77 MB capacity,    78.93 MB ( 99%) used,   674.02 KB ( <1%) free+waste,   180.88 KB ( <1%) overhead. 

Virtual space:
  Non-class space:       72.00 MB reserved,      70.83 MB ( 98%) committed 
      Class space:        1.00 GB reserved,       9.20 MB ( <1%) committed 
             Both:        1.07 GB reserved,      80.03 MB (  7%) committed 

Chunk freelists:
   Non-Class:  4.13 KB
       Class:  3.63 KB
        Both:  7.75 KB

CodeHeap 'non-profiled nmethods': size=120064Kb used=3984Kb max_used=3984Kb free=116080Kb
 bounds [0x000001faa7e40000, 0x000001faa8230000, 0x000001faaf380000]
CodeHeap 'profiled nmethods': size=120000Kb used=24056Kb max_used=24056Kb free=95944Kb
 bounds [0x000001faa0910000, 0x000001faa2090000, 0x000001faa7e40000]
CodeHeap 'non-nmethods': size=5696Kb used=1318Kb max_used=1329Kb free=4377Kb
 bounds [0x000001faa0380000, 0x000001faa05f0000, 0x000001faa0910000]
 total_blobs=11251 nmethods=8653 adapters=615
 compilation: enabled
              stopped_count=0, restarted_count=0
 full_count=0

Compilation events (10 events):
Event: 12.567 Thread 0x000001fab6af0000 8679       3       org.jetbrains.kotlin.codegen.inline.MaxStackFrameSizeAndLocalsCalculator::increaseStackSize (11 bytes)
Event: 12.568 Thread 0x000001fab6af0000 nmethod 8679 0x000001faa2079d10 code [0x000001faa2079ec0, 0x000001faa207a0b8]
Event: 12.568 Thread 0x000001fab6af0000 8682       3       gnu.trove.TIntHash::insertionIndex (223 bytes)
Event: 12.569 Thread 0x000001fab6af0000 nmethod 8682 0x000001faa207a190 code [0x000001faa207a3c0, 0x000001faa207ad40]
Event: 12.569 Thread 0x000001fab6af0000 8683       3       org.jetbrains.kotlin.codegen.pseudoInsns.PseudoInsnsKt::isPseudoInsn (45 bytes)
Event: 12.570 Thread 0x000001fab6af0000 nmethod 8683 0x000001faa207b090 code [0x000001faa207b300, 0x000001faa207bd90]
Event: 12.570 Thread 0x000001fab6af0000 8680       3       org.jetbrains.kotlin.codegen.inline.MaxStackFrameSizeAndLocalsCalculator::updateStackSize (19 bytes)
Event: 12.570 Thread 0x000001fab6af0000 nmethod 8680 0x000001faa207c090 code [0x000001faa207c240, 0x000001faa207c3d8]
Event: 12.570 Thread 0x000001fab6af0000 8681       3       org.jetbrains.org.objectweb.asm.tree.LabelNode::accept (9 bytes)
Event: 12.570 Thread 0x000001fab6af0000 nmethod 8681 0x000001faa207c490 code [0x000001faa207c680, 0x000001faa207caf0]

GC Heap History (10 events):
Event: 5.810 GC heap before
{Heap before GC invocations=8 (full 0):
 garbage-first heap   total 131072K, used 82188K [0x0000000081e00000, 0x0000000100000000)
  region size 1024K, 52 young (53248K), 6 survivors (6144K)
 Metaspace       used 48789K, capacity 49344K, committed 49616K, reserved 1093632K
  class space    used 5734K, capacity 5947K, committed 6016K, reserved 1048576K
}
Event: 5.827 GC heap after
{Heap after GC invocations=9 (full 0):
 garbage-first heap   total 157696K, used 39287K [0x0000000081e00000, 0x0000000100000000)
  region size 1024K, 6 young (6144K), 6 survivors (6144K)
 Metaspace       used 48789K, capacity 49344K, committed 49616K, reserved 1093632K
  class space    used 5734K, capacity 5947K, committed 6016K, reserved 1048576K
}
Event: 7.714 GC heap before
{Heap before GC invocations=9 (full 0):
 garbage-first heap   total 157696K, used 93559K [0x0000000081e00000, 0x0000000100000000)
  region size 1024K, 59 young (60416K), 6 survivors (6144K)
 Metaspace       used 54122K, capacity 54684K, committed 54992K, reserved 1097728K
  class space    used 6201K, capacity 6443K, committed 6528K, reserved 1048576K
}
Event: 7.736 GC heap after
{Heap after GC invocations=10 (full 0):
 garbage-first heap   total 157696K, used 47926K [0x0000000081e00000, 0x0000000100000000)
  region size 1024K, 8 young (8192K), 8 survivors (8192K)
 Metaspace       used 54122K, capacity 54684K, committed 54992K, reserved 1097728K
  class space    used 6201K, capacity 6443K, committed 6528K, reserved 1048576K
}
Event: 8.740 GC heap before
{Heap before GC invocations=10 (full 0):
 garbage-first heap   total 157696K, used 85814K [0x0000000081e00000, 0x0000000100000000)
  region size 1024K, 46 young (47104K), 8 survivors (8192K)
 Metaspace       used 59476K, capacity 60107K, committed 60240K, reserved 1101824K
  class space    used 6818K, capacity 7092K, committed 7168K, reserved 1048576K
}
Event: 8.766 GC heap after
{Heap after GC invocations=11 (full 0):
 garbage-first heap   total 157696K, used 51625K [0x0000000081e00000, 0x0000000100000000)
  region size 1024K, 4 young (4096K), 4 survivors (4096K)
 Metaspace       used 59476K, capacity 60107K, committed 60240K, reserved 1101824K
  class space    used 6818K, capacity 7092K, committed 7168K, reserved 1048576K
}
Event: 10.168 GC heap before
{Heap before GC invocations=12 (full 0):
 garbage-first heap   total 157696K, used 102825K [0x0000000081e00000, 0x0000000100000000)
  region size 1024K, 53 young (54272K), 4 survivors (4096K)
 Metaspace       used 66866K, capacity 67646K, committed 67868K, reserved 1110016K
  class space    used 7679K, capacity 8004K, committed 8140K, reserved 1048576K
}
Event: 10.184 GC heap after
{Heap after GC invocations=13 (full 0):
 garbage-first heap   total 157696K, used 57826K [0x0000000081e00000, 0x0000000100000000)
  region size 1024K, 7 young (7168K), 7 survivors (7168K)
 Metaspace       used 66866K, capacity 67646K, committed 67868K, reserved 1110016K
  class space    used 7679K, capacity 8004K, committed 8140K, reserved 1048576K
}
Event: 11.616 GC heap before
{Heap before GC invocations=14 (full 0):
 garbage-first heap   total 157696K, used 108002K [0x0000000081e00000, 0x0000000100000000)
  region size 1024K, 56 young (57344K), 7 survivors (7168K)
 Metaspace       used 75369K, capacity 76134K, committed 76444K, reserved 1116160K
  class space    used 8586K, capacity 8915K, committed 9036K, reserved 1048576K
}
Event: 11.639 GC heap after
{Heap after GC invocations=15 (full 0):
 garbage-first heap   total 189440K, used 64728K [0x0000000081e00000, 0x0000000100000000)
  region size 1024K, 7 young (7168K), 7 survivors (7168K)
 Metaspace       used 75369K, capacity 76134K, committed 76444K, reserved 1116160K
  class space    used 8586K, capacity 8915K, committed 9036K, reserved 1048576K
}

Deoptimization events (10 events):
Event: 12.282 Thread 0x000001fa96843000 Uncommon trap: reason=class_check action=maybe_recompile pc=0x000001faa81c77cc method=org.jetbrains.kotlin.utils.ThreadLocalDelegate.getValue(Ljava/lang/Object;Lkotlin/reflect/KProperty;)Ljava/lang/Object; @ 42 c2
Event: 12.282 Thread 0x000001fa96843000 Uncommon trap: reason=class_check action=maybe_recompile pc=0x000001faa81c77cc method=org.jetbrains.kotlin.utils.ThreadLocalDelegate.getValue(Ljava/lang/Object;Lkotlin/reflect/KProperty;)Ljava/lang/Object; @ 42 c2
Event: 12.300 Thread 0x000001fa96843000 Uncommon trap: reason=unstable_if action=reinterpret pc=0x000001faa81f4d94 method=org.jetbrains.kotlin.builtins.jvm.JavaToKotlinClassMap.isKotlinFunctionWithBigArity(Lorg/jetbrains/kotlin/name/FqNameUnsafe;Ljava/lang/String;)Z @ 26 c2
Event: 12.300 Thread 0x000001fa96843000 Uncommon trap: reason=bimorphic_or_optimized_type_check action=maybe_recompile pc=0x000001faa81eed30 method=org.jetbrains.kotlin.ir.declarations.IrDeclarationsKt.isSingleFieldValueClass(Lorg/jetbrains/kotlin/ir/declarations/IrClass;)Z @ 7 c2
Event: 12.330 Thread 0x000001fa96843000 Uncommon trap: reason=class_check action=maybe_recompile pc=0x000001faa81c77cc method=org.jetbrains.kotlin.utils.ThreadLocalDelegate.getValue(Ljava/lang/Object;Lkotlin/reflect/KProperty;)Ljava/lang/Object; @ 42 c2
Event: 12.332 Thread 0x000001fa96843000 Uncommon trap: reason=intrinsic_or_type_checked_inlining action=make_not_entrant pc=0x000001faa8217bac method=java.util.ArrayList$SubList.toArray([Ljava/lang/Object;)[Ljava/lang/Object; @ 58 c2
Event: 12.344 Thread 0x000001fa96843000 Uncommon trap: reason=class_check action=maybe_recompile pc=0x000001faa81cfe58 method=org.jetbrains.kotlin.ir.symbols.impl.IrSymbolBase.getDescriptor()Lorg/jetbrains/kotlin/descriptors/DeclarationDescriptor; @ 10 c2
Event: 12.393 Thread 0x000001fa96843000 Uncommon trap: reason=unstable_if action=reinterpret pc=0x000001faa7f6ae40 method=java.lang.StringLatin1.lastIndexOf([BI[BII)I @ 32 c2
Event: 12.515 Thread 0x000001fa96843000 Uncommon trap: reason=unstable_if action=reinterpret pc=0x000001faa8097ce4 method=org.jetbrains.kotlin.metadata.ProtoBuf$Type.isInitialized()Z @ 7 c2
Event: 12.520 Thread 0x000001fa96843000 Uncommon trap: reason=unstable_if action=reinterpret pc=0x000001faa7fe7f64 method=org.jetbrains.kotlin.protobuf.GeneratedMessageLite$ExtendableMessage$ExtensionWriter.writeUntil(ILorg/jetbrains/kotlin/protobuf/CodedOutputStream;)V @ 109 c2

Classes redefined (0 events):
No events

Internal exceptions (10 events):
Event: 10.134 Thread 0x000001fa96843000 Exception <a 'java/lang/NoSuchMethodError'{0x00000000884b01a0}: java.lang.invoke.DirectMethodHandle$Holder.invokeStatic(Ljava/lang/Object;Ljava/lang/Object;Ljava/lang/Object;II)Ljava/lang/Object;> (0x00000000884b01a0) thrown at [t:/workspace/open/src/hots
Event: 10.135 Thread 0x000001fa96843000 Exception <a 'java/lang/NoSuchMethodError'{0x00000000884b3978}: java.lang.invoke.DirectMethodHandle$Holder.invokeSpecial(Ljava/lang/Object;Ljava/lang/Object;Ljava/lang/Object;Ljava/lang/Object;II)Ljava/lang/Object;> (0x00000000884b3978) thrown at [t:/work
Event: 10.135 Thread 0x000001fa96843000 Exception <a 'java/lang/NoSuchMethodError'{0x00000000884b6a78}: java.lang.invoke.Invokers$Holder.linkToTargetMethod(Ljava/lang/Object;Ljava/lang/Object;IILjava/lang/Object;)Ljava/lang/Object;> (0x00000000884b6a78) thrown at [t:/workspace/open/src/hotspot/
Event: 10.161 Thread 0x000001fa96843000 Exception <a 'java/lang/NoSuchMethodError'{0x00000000883b8040}: java.lang.invoke.DirectMethodHandle$Holder.invokeStatic(Ljava/lang/Object;Ljava/lang/Object;Ljava/lang/Object;IILjava/lang/Object;Ljava/lang/Object;)Ljava/lang/Object;> (0x00000000883b8040) t
Event: 10.162 Thread 0x000001fa96843000 Exception <a 'java/lang/NoSuchMethodError'{0x00000000883bbef8}: java.lang.invoke.DirectMethodHandle$Holder.invokeSpecial(Ljava/lang/Object;Ljava/lang/Object;Ljava/lang/Object;Ljava/lang/Object;IILjava/lang/Object;Ljava/lang/Object;)Ljava/lang/Object;> (0x
Event: 10.162 Thread 0x000001fa96843000 Exception <a 'java/lang/NoSuchMethodError'{0x00000000883bf5a8}: java.lang.invoke.Invokers$Holder.linkToTargetMethod(Ljava/lang/Object;Ljava/lang/Object;IILjava/lang/Object;Ljava/lang/Object;Ljava/lang/Object;)Ljava/lang/Object;> (0x00000000883bf5a8) throw
Event: 10.213 Thread 0x000001fa96843000 Exception <a 'java/lang/NoSuchMethodError'{0x000000008b626ef0}: java.lang.invoke.DirectMethodHandle$Holder.invokeStatic(Ljava/lang/Object;Ljava/lang/Object;Ljava/lang/Object;IILjava/lang/Object;Ljava/lang/Object;Ljava/lang/Object;Ljava/lang/Object;)Ljava/
Event: 10.227 Thread 0x000001fa96843000 Exception <a 'java/lang/NoSuchMethodError'{0x000000008b6a6a48}: java.lang.invoke.DirectMethodHandle$Holder.invokeSpecial(Ljava/lang/Object;Ljava/lang/Object;IILjava/lang/Object;Ljava/lang/Object;Ljava/lang/Object;Ljava/lang/Object;Ljava/lang/Object;)Ljava
Event: 11.251 Thread 0x000001fa96843000 Implicit null exception at 0x000001faa7eae9f4 to 0x000001faa7eaebf2
Event: 12.073 Thread 0x000001fa96843000 Exception <a 'java/lang/NoSuchMethodError'{0x000000008c9625d0}: java.lang.invoke.DirectMethodHandle$Holder.invokeSpecial(Ljava/lang/Object;Ljava/lang/Object;ILjava/lang/Object;Ljava/lang/Object;)Ljava/lang/Object;> (0x000000008c9625d0) thrown at [t:/works

Events (10 events):
Event: 12.567 loading class org/jetbrains/kotlin/backend/jvm/codegen/ClassCodegen$generateMethod$smapCopyingVisitor$1
Event: 12.567 loading class org/jetbrains/kotlin/backend/jvm/codegen/ClassCodegen$generateMethod$smapCopyingVisitor$1 done
Event: 12.568 loading class org/jetbrains/kotlin/codegen/coroutines/UninitializedStoresProcessor$UninitializedNewValueMarkerInterpreter
Event: 12.568 loading class org/jetbrains/kotlin/codegen/coroutines/UninitializedStoresProcessor$UninitializedNewValueMarkerInterpreter done
Event: 12.569 loading class org/jetbrains/kotlin/codegen/coroutines/UninitializedStoresProcessor$run$analyzer$1
Event: 12.569 loading class org/jetbrains/kotlin/codegen/coroutines/UninitializedStoresProcessor$run$analyzer$1 done
Event: 12.570 loading class org/jetbrains/kotlin/codegen/coroutines/UninitializedStoresProcessor$UninitializedNewValueFrame
Event: 12.570 loading class org/jetbrains/kotlin/codegen/coroutines/UninitializedStoresProcessor$UninitializedNewValueFrame done
Event: 12.570 loading class org/jetbrains/kotlin/codegen/coroutines/UninitializedStoresProcessor$UninitializedNewValue
Event: 12.570 loading class org/jetbrains/kotlin/codegen/coroutines/UninitializedStoresProcessor$UninitializedNewValue done


Dynamic libraries:
0x00007ff673710000 - 0x00007ff673757000 	C:\Program Files\Java\jdk-11.0.1\bin\java.exe
0x00007ffdc7dd0000 - 0x00007ffdc7fc8000 	C:\WINDOWS\SYSTEM32\ntdll.dll
0x00007ffdc7860000 - 0x00007ffdc791f000 	C:\WINDOWS\System32\KERNEL32.DLL
0x00007ffdc5810000 - 0x00007ffdc5aea000 	C:\WINDOWS\System32\KERNELBASE.dll
0x00007ffdc6c30000 - 0x00007ffdc6cde000 	C:\WINDOWS\System32\ADVAPI32.dll
0x00007ffdc6560000 - 0x00007ffdc65fe000 	C:\WINDOWS\System32\msvcrt.dll
0x00007ffdc7610000 - 0x00007ffdc76ac000 	C:\WINDOWS\System32\sechost.dll
0x00007ffdc69f0000 - 0x00007ffdc6b16000 	C:\WINDOWS\System32\RPCRT4.dll
0x00007ffdc6270000 - 0x00007ffdc640d000 	C:\WINDOWS\System32\USER32.dll
0x00007ffdc55e0000 - 0x00007ffdc5602000 	C:\WINDOWS\System32\win32u.dll
0x00007ffdc5e90000 - 0x00007ffdc5ebb000 	C:\WINDOWS\System32\GDI32.dll
0x00007ffdc5ba0000 - 0x00007ffdc5cb0000 	C:\WINDOWS\System32\gdi32full.dll
0x00007ffdc5770000 - 0x00007ffdc580d000 	C:\WINDOWS\System32\msvcp_win.dll
0x00007ffdc5d30000 - 0x00007ffdc5e30000 	C:\WINDOWS\System32\ucrtbase.dll
0x00007ffdb9350000 - 0x00007ffdb95ea000 	C:\WINDOWS\WinSxS\amd64_microsoft.windows.common-controls_6595b64144ccf1df_6.0.19041.1110_none_60b5254171f9507e\COMCTL32.dll
0x00007ffdbbae0000 - 0x00007ffdbbaea000 	C:\WINDOWS\SYSTEM32\VERSION.dll
0x00007ffdc6b20000 - 0x00007ffdc6b50000 	C:\WINDOWS\System32\IMM32.DLL
0x00007ffdbe070000 - 0x00007ffdbe086000 	C:\Program Files\Java\jdk-11.0.1\bin\vcruntime140.dll
0x00007ffdacc90000 - 0x00007ffdacd3a000 	C:\Program Files\Java\jdk-11.0.1\bin\msvcp140.dll
0x00007ffd8a830000 - 0x00007ffd8b372000 	C:\Program Files\Java\jdk-11.0.1\bin\server\jvm.dll
0x00007ffdc6480000 - 0x00007ffdc6488000 	C:\WINDOWS\System32\PSAPI.DLL
0x00007ffdb8900000 - 0x00007ffdb8909000 	C:\WINDOWS\SYSTEM32\WSOCK32.dll
0x00007ffdb9b90000 - 0x00007ffdb9bb7000 	C:\WINDOWS\SYSTEM32\WINMM.dll
0x00007ffdc6410000 - 0x00007ffdc647b000 	C:\WINDOWS\System32\ws2_32.DLL
0x00007ffdc32c0000 - 0x00007ffdc32d2000 	C:\WINDOWS\SYSTEM32\kernel.appcore.dll
0x00007ffdbe050000 - 0x00007ffdbe061000 	C:\Program Files\Java\jdk-11.0.1\bin\verify.dll
0x00007ffdbe3c0000 - 0x00007ffdbe5a4000 	C:\WINDOWS\SYSTEM32\DBGHELP.DLL
0x00007ffdbd7d0000 - 0x00007ffdbd804000 	C:\WINDOWS\SYSTEM32\dbgcore.DLL
0x00007ffdc54e0000 - 0x00007ffdc5562000 	C:\WINDOWS\System32\bcryptPrimitives.dll
0x00007ffdb3280000 - 0x00007ffdb32a9000 	C:\Program Files\Java\jdk-11.0.1\bin\java.dll
0x00007ffdb2ec0000 - 0x00007ffdb2ed6000 	C:\Program Files\Java\jdk-11.0.1\bin\zip.dll
0x00007ffdc0cd0000 - 0x00007ffdc0cda000 	C:\Program Files\Java\jdk-11.0.1\bin\jimage.dll
0x00007ffdc6ec0000 - 0x00007ffdc7604000 	C:\WINDOWS\System32\SHELL32.dll
0x00007ffdc35a0000 - 0x00007ffdc3d33000 	C:\WINDOWS\SYSTEM32\windows.storage.dll
0x00007ffdc6690000 - 0x00007ffdc69e4000 	C:\WINDOWS\System32\combase.dll
0x00007ffdc4f40000 - 0x00007ffdc4f6e000 	C:\WINDOWS\SYSTEM32\Wldp.dll
0x00007ffdc5ff0000 - 0x00007ffdc609d000 	C:\WINDOWS\System32\SHCORE.dll
0x00007ffdc5e30000 - 0x00007ffdc5e85000 	C:\WINDOWS\System32\shlwapi.dll
0x00007ffdc5420000 - 0x00007ffdc543f000 	C:\WINDOWS\SYSTEM32\profapi.dll
0x00007ffdb2e80000 - 0x00007ffdb2e99000 	C:\Program Files\Java\jdk-11.0.1\bin\net.dll
0x00007ffdbee50000 - 0x00007ffdbef5a000 	C:\WINDOWS\SYSTEM32\WINHTTP.dll
0x00007ffdc4c30000 - 0x00007ffdc4c9a000 	C:\WINDOWS\system32\mswsock.dll
0x00007ffdb2e60000 - 0x00007ffdb2e73000 	C:\Program Files\Java\jdk-11.0.1\bin\nio.dll

dbghelp: loaded successfully - version: 4.0.5 - missing functions: none
symbol engine: initialized successfully - sym options: 0x614 - pdb path: .;C:\Program Files\Java\jdk-11.0.1\bin;C:\WINDOWS\SYSTEM32;C:\WINDOWS\WinSxS\amd64_microsoft.windows.common-controls_6595b64144ccf1df_6.0.19041.1110_none_60b5254171f9507e;C:\Program Files\Java\jdk-11.0.1\bin\server

VM Arguments:
java_command: org.jetbrains.kotlin.cli.jvm.K2JVMCompiler @E:\MVVM\app\build\20230421_1538576200572075584.compiler.options
java_class_path (initial): C:\Users\Admin\.gradle\caches\modules-2\files-2.1\org.jetbrains.kotlin\kotlin-compiler-embeddable\1.8.0\eb9118d4bcceaa2a94b2ae2a33a4ddba7c9a947f\kotlin-compiler-embeddable-1.8.0.jar;C:\Users\Admin\.gradle\caches\modules-2\files-2.1\org.jetbrains.kotlin\kotlin-stdlib\1.8.0\1796921c7a3e2e2665a83e6c8d33399336cd39bc\kotlin-stdlib-1.8.0.jar;C:\Users\Admin\.gradle\caches\modules-2\files-2.1\org.jetbrains.kotlin\kotlin-script-runtime\1.8.0\b2f7e760d283cb339974851c222a4c1d48f2d3d\kotlin-script-runtime-1.8.0.jar;C:\Users\Admin\.gradle\caches\modules-2\files-2.1\org.jetbrains.kotlin\kotlin-reflect\1.6.10\1cbe9c92c12a94eea200d23c2bbaedaf3daf5132\kotlin-reflect-1.6.10.jar;C:\Users\Admin\.gradle\caches\modules-2\files-2.1\org.jetbrains.kotlin\kotlin-daemon-embeddable\1.8.0\d255216c551685dc3a7e852b53617f5f01aaaa5c\kotlin-daemon-embeddable-1.8.0.jar;C:\Users\Admin\.gradle\caches\modules-2\files-2.1\org.jetbrains.intellij.deps\trove4j\1.0.20200330\3afb14d5f9ceb459d724e907a21145e8ff394f02\trove4j-1.0.20200330.jar;C:\Users\Admin\.gradle\caches\modules-2\files-2.1\net.java.dev.jna\jna\5.6.0\330f2244e9030119ab3030fc3fededc86713d9cc\jna-5.6.0.jar;C:\Users\Admin\.gradle\caches\modules-2\files-2.1\org.jetbrains.kotlin\kotlin-stdlib-common\1.8.0\f7197e7cc76453ac59f8b0f8d5137cc600becd36\kotlin-stdlib-common-1.8.0.jar;C:\Users\Admin\.gradle\caches\modules-2\files-2.1\org.jetbrains\annotations\13.0\919f0dfe192fb4e063e7dacadee7f8bb9a2672a9\annotations-13.0.jar
Launcher Type: SUN_STANDARD

[Global flags]
     intx CICompilerCount                          = 3                                         {product} {ergonomic}
     uint ConcGCThreads                            = 1                                         {product} {ergonomic}
     uint G1ConcRefinementThreads                  = 4                                         {product} {ergonomic}
   size_t G1HeapRegionSize                         = 1048576                                   {product} {ergonomic}
    uintx GCDrainStackTargetSize                   = 64                                        {product} {ergonomic}
   size_t InitialHeapSize                          = 134217728                                 {product} {ergonomic}
   size_t MarkStackSize                            = 4194304                                   {product} {ergonomic}
   size_t MaxHeapSize                              = 2116026368                                {product} {ergonomic}
   size_t MaxNewSize                               = 1268776960                                {product} {ergonomic}
   size_t MinHeapDeltaBytes                        = 1048576                                   {product} {ergonomic}
    uintx NonNMethodCodeHeapSize                   = 5830092                                {pd product} {ergonomic}
    uintx NonProfiledCodeHeapSize                  = 122914074                              {pd product} {ergonomic}
    uintx ProfiledCodeHeapSize                     = 122914074                              {pd product} {ergonomic}
    uintx ReservedCodeCacheSize                    = 251658240                              {pd product} {ergonomic}
     bool SegmentedCodeCache                       = true                                      {product} {ergonomic}
     bool UseCompressedClassPointers               = true                                 {lp64_product} {ergonomic}
     bool UseCompressedOops                        = true                                 {lp64_product} {ergonomic}
     bool UseG1GC                                  = true                                      {product} {ergonomic}
     bool UseLargePagesIndividualAllocation        = false                                  {pd product} {ergonomic}

Logging:
Log output configuration:
 #0: stdout all=warning uptime,level,tags
 #1: stderr all=off uptime,level,tags

Environment Variables:
JAVA_HOME=C:\Program Files\Java\jdk-11.0.1
PATH=C:\Program Files (x86)\Razer\ChromaBroadcast\bin;E:\Program Files\Razer\ChromaBroadcast\bin;C:\WINDOWS\system32\config\systemprofile\AppData\Local\Microsoft\WindowsApps;E:\Git\cmd;E:\Program Files\nodejs\;C:\Users\Admin\AppData\Local\Microsoft\WindowsApps;C:\Users\Admin\AppData\Local\atom\bin;C:\Users\Admin\AppData\Local\Programs\Microsoft VS Code\bin;C:\Program Files\sfdx\bin;C:\Users\Admin\AppData\Local\GitHubDesktop\bin;C:\Users\Admin\AppData\Local\Microsoft\WindowsApps;E:\Program Files\JetBrains\IntelliJ IDEA 2022.2\bin;;E:\Program Files\heroku\bin;E:\Program Files\Azure Data Studio\bin;C:\srcSQLlite\sqlite-tools-win32-x86-3410000;C:\Program Files\MongoDB\Server\6.0\data;C:\Program Files\MongoDB\Server\6.0\log;C:\Users\Admin\AppData\Local\Programs\Azure Data Studio\bin;C:\Program Files\nodejs;C:\Users\Admin\AppData\Roaming\npm
USERNAME=Admin
OS=Windows_NT
PROCESSOR_IDENTIFIER=Intel64 Family 6 Model 58 Stepping 9, GenuineIntel



---------------  S Y S T E M  ---------------

OS: Windows 10 , 64 bit Build 19041 (10.0.19041.2788)

CPU:total 4 (initial active 4) (2 cores per cpu, 2 threads per core) family 6 model 58 stepping 9, cmov, cx8, fxsr, mmx, sse, sse2, sse3, ssse3, sse4.1, sse4.2, popcnt, avx, aes, clmul, erms, ht, tsc, tscinvbit, tscinv

Memory: 4k page, system-wide physical 8071M (450M free)
TotalPageFile size 10119M (AvailPageFile size 5M)
current process WorkingSet (physical memory assigned to process): 366M, peak: 366M
current process commit charge ("private bytes"): 417M, peak: 417M

vm_info: Java HotSpot(TM) 64-Bit Server VM (11.0.1+13-LTS) for windows-amd64 JRE (11.0.1+13-LTS), built on Oct  6 2018 13:20:16 by "mach5one" with MS VC++ 15.5 (VS2017)

END.
